2021-07-21 03:38:09,557 INFO org.springframework.boot.StartupInfoLogger [main] Starting AirportControllerIntTest using Java 11.0.11 on rhonda-ubuntu with PID 42651 (started by rhonda in /home/rhonda/air-labs/backend)
2021-07-21 03:38:09,561 DEBUG org.springframework.boot.StartupInfoLogger [main] Running with Spring Boot v2.5.2, Spring v5.3.8
2021-07-21 03:38:09,573 INFO org.springframework.boot.SpringApplication [main] No active profile set, falling back to default profiles: default
2021-07-21 03:38:11,693 INFO org.springframework.boot.autoconfigure.security.servlet.UserDetailsServiceAutoConfiguration [main] 

Using generated security password: ee798967-ffa6-47b8-b6bb-8dcc039aef35

2021-07-21 03:38:12,434 INFO org.springframework.security.web.DefaultSecurityFilterChain [main] Will secure any request with [org.springframework.security.web.context.request.async.WebAsyncManagerIntegrationFilter@615efd1c, org.springframework.security.web.context.SecurityContextPersistenceFilter@740dcae3, org.springframework.security.web.header.HeaderWriterFilter@2180e789, org.springframework.web.filter.CorsFilter@1e226bcd, org.springframework.security.web.authentication.logout.LogoutFilter@54ffa561, org.springframework.security.web.savedrequest.RequestCacheAwareFilter@2b6c7012, org.springframework.security.web.servletapi.SecurityContextHolderAwareRequestFilter@7455dacb, org.springframework.security.web.authentication.AnonymousAuthenticationFilter@2a8dd942, org.springframework.security.web.session.SessionManagementFilter@49cd946c, org.springframework.security.web.access.ExceptionTranslationFilter@1cbc5693, org.springframework.security.web.access.intercept.FilterSecurityInterceptor@6aa7e176]
2021-07-21 03:38:13,141 INFO org.springframework.mock.web.MockServletContext [main] Initializing Spring TestDispatcherServlet ''
2021-07-21 03:38:13,144 INFO org.springframework.web.servlet.FrameworkServlet [main] Initializing Servlet ''
2021-07-21 03:38:13,148 INFO org.springframework.web.servlet.FrameworkServlet [main] Completed initialization in 3 ms
2021-07-21 03:38:13,211 INFO org.springframework.boot.StartupInfoLogger [main] Started AirportControllerIntTest in 4.299 seconds (JVM running for 5.564)
2021-07-21 03:38:13,631 INFO org.springframework.test.context.support.AbstractTestContextBootstrapper [main] Neither @ContextConfiguration nor @ContextHierarchy found for test class [com.rhonda.AirLabsChallenge.AirLabsChallengeApplicationTests], using SpringBootContextLoader
2021-07-21 03:38:13,639 INFO org.springframework.test.context.support.AbstractContextLoader [main] Could not detect default resource locations for test class [com.rhonda.AirLabsChallenge.AirLabsChallengeApplicationTests]: no resource found for suffixes {-context.xml, Context.groovy}.
2021-07-21 03:38:13,640 INFO org.springframework.test.context.support.AnnotationConfigContextLoaderUtils [main] Could not detect default configuration classes for test class [com.rhonda.AirLabsChallenge.AirLabsChallengeApplicationTests]: AirLabsChallengeApplicationTests does not declare any static, non-private, non-final, nested classes annotated with @Configuration.
2021-07-21 03:38:13,649 INFO org.springframework.boot.test.context.SpringBootTestContextBootstrapper [main] Found @SpringBootConfiguration com.rhonda.AirLabsChallenge.AirLabsChallengeApplication for test class com.rhonda.AirLabsChallenge.AirLabsChallengeApplicationTests
2021-07-21 03:38:13,679 INFO org.springframework.test.context.support.AbstractTestContextBootstrapper [main] Loaded default TestExecutionListener class names from location [META-INF/spring.factories]: [org.springframework.boot.test.mock.mockito.MockitoTestExecutionListener, org.springframework.boot.test.mock.mockito.ResetMocksTestExecutionListener, org.springframework.boot.test.autoconfigure.restdocs.RestDocsTestExecutionListener, org.springframework.boot.test.autoconfigure.web.client.MockRestServiceServerResetTestExecutionListener, org.springframework.boot.test.autoconfigure.web.servlet.MockMvcPrintOnlyOnFailureTestExecutionListener, org.springframework.boot.test.autoconfigure.web.servlet.WebDriverTestExecutionListener, org.springframework.boot.test.autoconfigure.webservices.client.MockWebServiceServerTestExecutionListener, org.springframework.test.context.web.ServletTestExecutionListener, org.springframework.test.context.support.DirtiesContextBeforeModesTestExecutionListener, org.springframework.test.context.event.ApplicationEventsTestExecutionListener, org.springframework.test.context.support.DependencyInjectionTestExecutionListener, org.springframework.test.context.support.DirtiesContextTestExecutionListener, org.springframework.test.context.transaction.TransactionalTestExecutionListener, org.springframework.test.context.jdbc.SqlScriptsTestExecutionListener, org.springframework.test.context.event.EventPublishingTestExecutionListener, org.springframework.security.test.context.support.WithSecurityContextTestExecutionListener, org.springframework.security.test.context.support.ReactorContextTestExecutionListener]
2021-07-21 03:38:13,691 INFO org.springframework.test.context.support.AbstractTestContextBootstrapper [main] Using TestExecutionListeners: [org.springframework.test.context.web.ServletTestExecutionListener@5cdf221a, org.springframework.test.context.support.DirtiesContextBeforeModesTestExecutionListener@7e27f603, org.springframework.test.context.event.ApplicationEventsTestExecutionListener@6136e1fc, org.springframework.boot.test.mock.mockito.MockitoTestExecutionListener@1736c1e4, org.springframework.boot.test.autoconfigure.SpringBootDependencyInjectionTestExecutionListener@32dcfeea, org.springframework.test.context.support.DirtiesContextTestExecutionListener@738a815c, org.springframework.test.context.event.EventPublishingTestExecutionListener@2565a7d0, org.springframework.security.test.context.support.WithSecurityContextTestExecutionListener@4fd7b79, org.springframework.security.test.context.support.ReactorContextTestExecutionListener@5103eea2, org.springframework.boot.test.mock.mockito.ResetMocksTestExecutionListener@762405bf, org.springframework.boot.test.autoconfigure.restdocs.RestDocsTestExecutionListener@7e77678c, org.springframework.boot.test.autoconfigure.web.client.MockRestServiceServerResetTestExecutionListener@113eed88, org.springframework.boot.test.autoconfigure.web.servlet.MockMvcPrintOnlyOnFailureTestExecutionListener@5f0677f3, org.springframework.boot.test.autoconfigure.web.servlet.WebDriverTestExecutionListener@9d99851, org.springframework.boot.test.autoconfigure.webservices.client.MockWebServiceServerTestExecutionListener@4cd7d5e1]
2021-07-21 03:38:13,846 INFO org.springframework.boot.StartupInfoLogger [main] Starting AirLabsChallengeApplicationTests using Java 11.0.11 on rhonda-ubuntu with PID 42651 (started by rhonda in /home/rhonda/air-labs/backend)
2021-07-21 03:38:13,847 DEBUG org.springframework.boot.StartupInfoLogger [main] Running with Spring Boot v2.5.2, Spring v5.3.8
2021-07-21 03:38:13,850 INFO org.springframework.boot.SpringApplication [main] No active profile set, falling back to default profiles: default
2021-07-21 03:38:14,467 INFO org.springframework.boot.autoconfigure.security.servlet.UserDetailsServiceAutoConfiguration [main] 

Using generated security password: b7abc493-643b-45c4-8ff6-d9f173864ebb

2021-07-21 03:38:14,811 INFO org.springframework.security.web.DefaultSecurityFilterChain [main] Will secure any request with [org.springframework.security.web.context.request.async.WebAsyncManagerIntegrationFilter@702096ef, org.springframework.security.web.context.SecurityContextPersistenceFilter@6cf047cf, org.springframework.security.web.header.HeaderWriterFilter@3f322610, org.springframework.web.filter.CorsFilter@5f0d8937, org.springframework.security.web.authentication.logout.LogoutFilter@79b63325, org.springframework.security.web.savedrequest.RequestCacheAwareFilter@1c92a549, org.springframework.security.web.servletapi.SecurityContextHolderAwareRequestFilter@323e026d, org.springframework.security.web.authentication.AnonymousAuthenticationFilter@105dc04d, org.springframework.security.web.session.SessionManagementFilter@1e477944, org.springframework.security.web.access.ExceptionTranslationFilter@3eb9c575, org.springframework.security.web.access.intercept.FilterSecurityInterceptor@4813d0]
2021-07-21 03:38:15,294 INFO org.springframework.boot.StartupInfoLogger [main] Started AirLabsChallengeApplicationTests in 1.591 seconds (JVM running for 7.648)
2021-07-21 03:38:28,607 INFO org.springframework.boot.StartupInfoLogger [main] Starting AirLabsChallengeApplication using Java 11.0.11 on rhonda-ubuntu with PID 42741 (/home/rhonda/air-labs/backend/target/classes started by rhonda in /home/rhonda/air-labs/backend)
2021-07-21 03:38:28,610 DEBUG org.springframework.boot.StartupInfoLogger [main] Running with Spring Boot v2.5.2, Spring v5.3.8
2021-07-21 03:38:28,610 INFO org.springframework.boot.SpringApplication [main] No active profile set, falling back to default profiles: default
2021-07-21 03:38:29,572 INFO org.springframework.boot.web.embedded.tomcat.TomcatWebServer [main] Tomcat initialized with port(s): 8080 (http)
2021-07-21 03:38:29,581 INFO org.apache.juli.logging.DirectJDKLog [main] Initializing ProtocolHandler ["http-nio-8080"]
2021-07-21 03:38:29,582 INFO org.apache.juli.logging.DirectJDKLog [main] Starting service [Tomcat]
2021-07-21 03:38:29,582 INFO org.apache.juli.logging.DirectJDKLog [main] Starting Servlet engine: [Apache Tomcat/9.0.48]
2021-07-21 03:38:29,633 INFO org.apache.juli.logging.DirectJDKLog [main] Initializing Spring embedded WebApplicationContext
2021-07-21 03:38:29,633 INFO org.springframework.boot.web.servlet.context.ServletWebServerApplicationContext [main] Root WebApplicationContext: initialization completed in 949 ms
2021-07-21 03:38:29,802 INFO org.springframework.boot.autoconfigure.security.servlet.UserDetailsServiceAutoConfiguration [main] 

Using generated security password: 5628004a-e154-4bbd-ac37-071ae86530e9

2021-07-21 03:38:30,039 INFO org.springframework.security.web.DefaultSecurityFilterChain [main] Will secure any request with [org.springframework.security.web.context.request.async.WebAsyncManagerIntegrationFilter@672a1c62, org.springframework.security.web.context.SecurityContextPersistenceFilter@3a66e67e, org.springframework.security.web.header.HeaderWriterFilter@423b2b62, org.springframework.web.filter.CorsFilter@459b6c53, org.springframework.security.web.authentication.logout.LogoutFilter@1c26273d, org.springframework.security.web.savedrequest.RequestCacheAwareFilter@4596f8f3, org.springframework.security.web.servletapi.SecurityContextHolderAwareRequestFilter@31ddb930, org.springframework.security.web.authentication.AnonymousAuthenticationFilter@39e69ea7, org.springframework.security.web.session.SessionManagementFilter@1b956cfa, org.springframework.security.web.access.ExceptionTranslationFilter@56637cff, org.springframework.security.web.access.intercept.FilterSecurityInterceptor@5922d3e9]
2021-07-21 03:38:30,169 INFO org.apache.juli.logging.DirectJDKLog [main] Starting ProtocolHandler ["http-nio-8080"]
2021-07-21 03:38:30,176 WARN org.springframework.context.support.AbstractApplicationContext [main] Exception encountered during context initialization - cancelling refresh attempt: org.springframework.context.ApplicationContextException: Failed to start bean 'webServerStartStop'; nested exception is org.springframework.boot.web.server.PortInUseException: Port 8080 is already in use
2021-07-21 03:38:30,180 INFO org.apache.juli.logging.DirectJDKLog [main] Pausing ProtocolHandler ["http-nio-8080"]
2021-07-21 03:38:30,180 INFO org.apache.juli.logging.DirectJDKLog [main] Stopping service [Tomcat]
2021-07-21 03:38:30,187 INFO org.apache.juli.logging.DirectJDKLog [main] Stopping ProtocolHandler ["http-nio-8080"]
2021-07-21 03:38:30,188 INFO org.apache.juli.logging.DirectJDKLog [main] Destroying ProtocolHandler ["http-nio-8080"]
2021-07-21 03:38:30,196 INFO org.springframework.boot.autoconfigure.logging.ConditionEvaluationReportLoggingListener [main] 

Error starting ApplicationContext. To display the conditions report re-run your application with 'debug' enabled.
2021-07-21 03:38:30,207 ERROR org.springframework.boot.diagnostics.LoggingFailureAnalysisReporter [main] 

***************************
APPLICATION FAILED TO START
***************************

Description:

Web server failed to start. Port 8080 was already in use.

Action:

Identify and stop the process that's listening on port 8080 or configure this application to listen on another port.

2021-07-21 03:38:53,270 INFO org.springframework.boot.StartupInfoLogger [main] Starting AirLabsChallengeApplication using Java 11.0.11 on rhonda-ubuntu with PID 42805 (/home/rhonda/air-labs/backend/target/classes started by rhonda in /home/rhonda/air-labs/backend)
2021-07-21 03:38:53,273 DEBUG org.springframework.boot.StartupInfoLogger [main] Running with Spring Boot v2.5.2, Spring v5.3.8
2021-07-21 03:38:53,273 INFO org.springframework.boot.SpringApplication [main] No active profile set, falling back to default profiles: default
2021-07-21 03:38:54,274 INFO org.springframework.boot.web.embedded.tomcat.TomcatWebServer [main] Tomcat initialized with port(s): 8080 (http)
2021-07-21 03:38:54,282 INFO org.apache.juli.logging.DirectJDKLog [main] Initializing ProtocolHandler ["http-nio-8080"]
2021-07-21 03:38:54,283 INFO org.apache.juli.logging.DirectJDKLog [main] Starting service [Tomcat]
2021-07-21 03:38:54,283 INFO org.apache.juli.logging.DirectJDKLog [main] Starting Servlet engine: [Apache Tomcat/9.0.48]
2021-07-21 03:38:54,322 INFO org.apache.juli.logging.DirectJDKLog [main] Initializing Spring embedded WebApplicationContext
2021-07-21 03:38:54,322 INFO org.springframework.boot.web.servlet.context.ServletWebServerApplicationContext [main] Root WebApplicationContext: initialization completed in 999 ms
2021-07-21 03:38:54,481 INFO org.springframework.boot.autoconfigure.security.servlet.UserDetailsServiceAutoConfiguration [main] 

Using generated security password: 380010d1-22b6-44a7-82e1-4798ce77e858

2021-07-21 03:38:54,694 INFO org.springframework.security.web.DefaultSecurityFilterChain [main] Will secure any request with [org.springframework.security.web.context.request.async.WebAsyncManagerIntegrationFilter@2440022a, org.springframework.security.web.context.SecurityContextPersistenceFilter@48b4a043, org.springframework.security.web.header.HeaderWriterFilter@934b52f, org.springframework.web.filter.CorsFilter@737db7f8, org.springframework.security.web.authentication.logout.LogoutFilter@52f57666, org.springframework.security.web.savedrequest.RequestCacheAwareFilter@4821aa9f, org.springframework.security.web.servletapi.SecurityContextHolderAwareRequestFilter@ccf91df, org.springframework.security.web.authentication.AnonymousAuthenticationFilter@5f2de715, org.springframework.security.web.session.SessionManagementFilter@f1d0004, org.springframework.security.web.access.ExceptionTranslationFilter@10b1a751, org.springframework.security.web.access.intercept.FilterSecurityInterceptor@61ecbee9]
2021-07-21 03:38:54,820 INFO org.apache.juli.logging.DirectJDKLog [main] Starting ProtocolHandler ["http-nio-8080"]
2021-07-21 03:38:54,851 INFO org.springframework.boot.web.embedded.tomcat.TomcatWebServer [main] Tomcat started on port(s): 8080 (http) with context path ''
2021-07-21 03:38:54,866 INFO org.springframework.boot.StartupInfoLogger [main] Started AirLabsChallengeApplication in 2.178 seconds (JVM running for 2.636)
2021-07-21 03:39:08,453 INFO org.apache.juli.logging.DirectJDKLog [http-nio-8080-exec-1] Initializing Spring DispatcherServlet 'dispatcherServlet'
2021-07-21 03:39:08,455 INFO org.springframework.web.servlet.FrameworkServlet [http-nio-8080-exec-1] Initializing Servlet 'dispatcherServlet'
2021-07-21 03:39:08,457 INFO org.springframework.web.servlet.FrameworkServlet [http-nio-8080-exec-1] Completed initialization in 2 ms
2021-07-21 03:39:09,428 ERROR com.rhonda.AirLabsChallenge.service.AirportService [http-nio-8080-exec-1] SID List cannot be retrieved for airport id: WSSL
2021-07-21 03:39:09,435 ERROR com.rhonda.AirLabsChallenge.exception.CustomizedResponseEntityExceptionHandler [http-nio-8080-exec-1] SID List cannot be retrieved for airport id: WSSL
2021-07-21 03:41:35,147 INFO org.springframework.boot.StartupInfoLogger [main] Starting AirLabsChallengeApplication using Java 11.0.11 on rhonda-ubuntu with PID 42976 (/home/rhonda/air-labs/backend/target/classes started by rhonda in /home/rhonda/air-labs/backend)
2021-07-21 03:41:35,148 DEBUG org.springframework.boot.StartupInfoLogger [main] Running with Spring Boot v2.5.2, Spring v5.3.8
2021-07-21 03:41:35,148 INFO org.springframework.boot.SpringApplication [main] No active profile set, falling back to default profiles: default
2021-07-21 03:41:35,632 INFO org.springframework.boot.web.embedded.tomcat.TomcatWebServer [main] Tomcat initialized with port(s): 8080 (http)
2021-07-21 03:41:35,637 INFO org.apache.juli.logging.DirectJDKLog [main] Initializing ProtocolHandler ["http-nio-8080"]
2021-07-21 03:41:35,638 INFO org.apache.juli.logging.DirectJDKLog [main] Starting service [Tomcat]
2021-07-21 03:41:35,638 INFO org.apache.juli.logging.DirectJDKLog [main] Starting Servlet engine: [Apache Tomcat/9.0.48]
2021-07-21 03:41:35,660 INFO org.apache.juli.logging.DirectJDKLog [main] Initializing Spring embedded WebApplicationContext
2021-07-21 03:41:35,660 INFO org.springframework.boot.web.servlet.context.ServletWebServerApplicationContext [main] Root WebApplicationContext: initialization completed in 485 ms
2021-07-21 03:41:35,747 INFO org.springframework.boot.autoconfigure.security.servlet.UserDetailsServiceAutoConfiguration [main] 

Using generated security password: 8dff2a69-7bed-457d-a334-fc7ddb94d6c2

2021-07-21 03:41:35,888 INFO org.springframework.security.web.DefaultSecurityFilterChain [main] Will secure any request with [org.springframework.security.web.context.request.async.WebAsyncManagerIntegrationFilter@630b6190, org.springframework.security.web.context.SecurityContextPersistenceFilter@2938127d, org.springframework.security.web.header.HeaderWriterFilter@a5272be, org.springframework.web.filter.CorsFilter@532e27ab, org.springframework.security.web.authentication.logout.LogoutFilter@75de6341, org.springframework.security.web.savedrequest.RequestCacheAwareFilter@ff23ae7, org.springframework.security.web.servletapi.SecurityContextHolderAwareRequestFilter@4821aa9f, org.springframework.security.web.authentication.AnonymousAuthenticationFilter@1cdc1bbc, org.springframework.security.web.session.SessionManagementFilter@76ad6715, org.springframework.security.web.access.ExceptionTranslationFilter@291373d3, org.springframework.security.web.access.intercept.FilterSecurityInterceptor@44784e2f]
2021-07-21 03:41:35,950 INFO org.apache.juli.logging.DirectJDKLog [main] Starting ProtocolHandler ["http-nio-8080"]
2021-07-21 03:41:35,958 INFO org.springframework.boot.web.embedded.tomcat.TomcatWebServer [main] Tomcat started on port(s): 8080 (http) with context path ''
2021-07-21 03:41:35,964 INFO org.springframework.boot.StartupInfoLogger [main] Started AirLabsChallengeApplication in 1.127 seconds (JVM running for 1.36)
2021-07-21 03:41:47,325 INFO org.apache.juli.logging.DirectJDKLog [http-nio-8080-exec-1] Initializing Spring DispatcherServlet 'dispatcherServlet'
2021-07-21 03:41:47,326 INFO org.springframework.web.servlet.FrameworkServlet [http-nio-8080-exec-1] Initializing Servlet 'dispatcherServlet'
2021-07-21 03:41:47,327 INFO org.springframework.web.servlet.FrameworkServlet [http-nio-8080-exec-1] Completed initialization in 1 ms
2021-07-21 03:41:47,765 ERROR com.rhonda.AirLabsChallenge.service.AirportService [http-nio-8080-exec-1] SID List cannot be retrieved for airport id: WSSL
2021-07-21 03:41:47,767 ERROR com.rhonda.AirLabsChallenge.exception.CustomizedResponseEntityExceptionHandler [http-nio-8080-exec-1] SID List cannot be retrieved for airport id: WSSL
(2021-Jul-20 19:(2021-Jul-20 19:(2021-Jul-20 19:(2021-Jul-20 19:(2021-Jul-20 19:(2021-Jul-20 19:(2021-Jul-20 19:(2021-Jul-20 19:(2021-Jul-20 19:(2021-Jul-20 19:(2021-Jul-20 19:(2021-Jul-20 19:(2021-Jul-20 19:(2021-Jul-20 19:(2021-Jul-20 19:(2021-Jul-20 19:(2021-Jul-20 19:(2021-Jul-20 19:(2021-Jul-20 19:(2021-Jul-20 19:(2021-Jul-20 19:2021-07-21 03:46:15,047 INFO org.springframework.boot.StartupInfoLogger [main] Starting AirLabsChallengeApplication using Java 11.0.11 on rhonda-ubuntu with PID 43272 (/home/rhonda/air-labs/backend/target/classes started by rhonda in /home/rhonda/air-labs/backend)
2021-07-21 03:46:15,050 DEBUG org.springframework.boot.StartupInfoLogger [main] Running with Spring Boot v2.5.2, Spring v5.3.8
2021-07-21 03:46:15,051 INFO org.springframework.boot.SpringApplication [main] No active profile set, falling back to default profiles: default
2021-07-21 03:46:16,417 INFO org.springframework.boot.web.embedded.tomcat.TomcatWebServer [main] Tomcat initialized with port(s): 8080 (http)
2021-07-21 03:46:16,430 INFO org.apache.juli.logging.DirectJDKLog [main] Initializing ProtocolHandler ["http-nio-8080"]
2021-07-21 03:46:16,431 INFO org.apache.juli.logging.DirectJDKLog [main] Starting service [Tomcat]
2021-07-21 03:46:16,432 INFO org.apache.juli.logging.DirectJDKLog [main] Starting Servlet engine: [Apache Tomcat/9.0.48]
2021-07-21 03:46:16,487 INFO org.apache.juli.logging.DirectJDKLog [main] Initializing Spring embedded WebApplicationContext
2021-07-21 03:46:16,488 INFO org.springframework.boot.web.servlet.context.ServletWebServerApplicationContext [main] Root WebApplicationContext: initialization completed in 1382 ms
2021-07-21 03:46:16,709 INFO org.springframework.boot.autoconfigure.security.servlet.UserDetailsServiceAutoConfiguration [main] 

Using generated security password: 8d1f60b4-0c86-4083-9736-1d86af6ad325

2021-07-21 03:46:17,009 INFO org.springframework.security.web.DefaultSecurityFilterChain [main] Will secure any request with [org.springframework.security.web.context.request.async.WebAsyncManagerIntegrationFilter@4317850d, org.springframework.security.web.context.SecurityContextPersistenceFilter@41294371, org.springframework.security.web.header.HeaderWriterFilter@56637cff, org.springframework.web.filter.CorsFilter@7e4c72d6, org.springframework.security.web.authentication.logout.LogoutFilter@74fab04a, org.springframework.security.web.savedrequest.RequestCacheAwareFilter@1b956cfa, org.springframework.security.web.servletapi.SecurityContextHolderAwareRequestFilter@6cf0a747, org.springframework.security.web.authentication.AnonymousAuthenticationFilter@6cd64b3f, org.springframework.security.web.session.SessionManagementFilter@5f481b73, org.springframework.security.web.access.ExceptionTranslationFilter@2630dbc4, org.springframework.security.web.access.intercept.FilterSecurityInterceptor@6d0b0da6]
2021-07-21 03:46:17,145 INFO org.apache.juli.logging.DirectJDKLog [main] Starting ProtocolHandler ["http-nio-8080"]
2021-07-21 03:46:17,159 INFO org.springframework.boot.web.embedded.tomcat.TomcatWebServer [main] Tomcat started on port(s): 8080 (http) with context path ''
2021-07-21 03:46:17,170 INFO org.springframework.boot.StartupInfoLogger [main] Started AirLabsChallengeApplication in 2.786 seconds (JVM running for 3.266)
2021-07-21 03:47:16,473 INFO org.springframework.boot.StartupInfoLogger [main] Starting AirLabsChallengeApplication using Java 11.0.11 on rhonda-ubuntu with PID 43370 (/home/rhonda/air-labs/backend/target/classes started by rhonda in /home/rhonda/air-labs/backend)
2021-07-21 03:47:16,476 DEBUG org.springframework.boot.StartupInfoLogger [main] Running with Spring Boot v2.5.2, Spring v5.3.8
2021-07-21 03:47:16,477 INFO org.springframework.boot.SpringApplication [main] No active profile set, falling back to default profiles: default
2021-07-21 03:47:17,502 INFO org.springframework.boot.web.embedded.tomcat.TomcatWebServer [main] Tomcat initialized with port(s): 8080 (http)
2021-07-21 03:47:17,510 INFO org.apache.juli.logging.DirectJDKLog [main] Initializing ProtocolHandler ["http-nio-8080"]
2021-07-21 03:47:17,510 INFO org.apache.juli.logging.DirectJDKLog [main] Starting service [Tomcat]
2021-07-21 03:47:17,511 INFO org.apache.juli.logging.DirectJDKLog [main] Starting Servlet engine: [Apache Tomcat/9.0.48]
2021-07-21 03:47:17,554 INFO org.apache.juli.logging.DirectJDKLog [main] Initializing Spring embedded WebApplicationContext
2021-07-21 03:47:17,554 INFO org.springframework.boot.web.servlet.context.ServletWebServerApplicationContext [main] Root WebApplicationContext: initialization completed in 1004 ms
2021-07-21 03:47:17,700 INFO org.springframework.boot.autoconfigure.security.servlet.UserDetailsServiceAutoConfiguration [main] 

Using generated security password: f382c4c4-e02c-455f-8fc2-5c3b82b3bb17

2021-07-21 03:47:17,889 INFO org.springframework.security.web.DefaultSecurityFilterChain [main] Will secure any request with [org.springframework.security.web.context.request.async.WebAsyncManagerIntegrationFilter@4317850d, org.springframework.security.web.context.SecurityContextPersistenceFilter@51d387d3, org.springframework.security.web.header.HeaderWriterFilter@f1d0004, org.springframework.web.filter.CorsFilter@7e4c72d6, org.springframework.security.web.authentication.logout.LogoutFilter@100c8b75, org.springframework.security.web.savedrequest.RequestCacheAwareFilter@534180a2, org.springframework.security.web.servletapi.SecurityContextHolderAwareRequestFilter@2b6fcb9f, org.springframework.security.web.authentication.AnonymousAuthenticationFilter@6cd64b3f, org.springframework.security.web.session.SessionManagementFilter@ccf91df, org.springframework.security.web.access.ExceptionTranslationFilter@2b7962a2, org.springframework.security.web.access.intercept.FilterSecurityInterceptor@6d0b0da6]
2021-07-21 03:47:17,999 INFO org.apache.juli.logging.DirectJDKLog [main] Starting ProtocolHandler ["http-nio-8080"]
2021-07-21 03:47:18,011 INFO org.springframework.boot.web.embedded.tomcat.TomcatWebServer [main] Tomcat started on port(s): 8080 (http) with context path ''
2021-07-21 03:47:18,021 INFO org.springframework.boot.StartupInfoLogger [main] Started AirLabsChallengeApplication in 2.208 seconds (JVM running for 2.632)
2021-07-21 03:47:51,364 INFO org.springframework.boot.StartupInfoLogger [main] Starting AirLabsChallengeApplication using Java 11.0.11 on rhonda-ubuntu with PID 43449 (/home/rhonda/air-labs/backend/target/classes started by rhonda in /home/rhonda/air-labs/backend)
2021-07-21 03:47:51,366 DEBUG org.springframework.boot.StartupInfoLogger [main] Running with Spring Boot v2.5.2, Spring v5.3.8
2021-07-21 03:47:51,366 INFO org.springframework.boot.SpringApplication [main] No active profile set, falling back to default profiles: default
2021-07-21 03:47:52,041 INFO org.springframework.boot.web.embedded.tomcat.TomcatWebServer [main] Tomcat initialized with port(s): 8080 (http)
2021-07-21 03:47:52,047 INFO org.apache.juli.logging.DirectJDKLog [main] Initializing ProtocolHandler ["http-nio-8080"]
2021-07-21 03:47:52,047 INFO org.apache.juli.logging.DirectJDKLog [main] Starting service [Tomcat]
2021-07-21 03:47:52,047 INFO org.apache.juli.logging.DirectJDKLog [main] Starting Servlet engine: [Apache Tomcat/9.0.48]
2021-07-21 03:47:52,076 INFO org.apache.juli.logging.DirectJDKLog [main] Initializing Spring embedded WebApplicationContext
2021-07-21 03:47:52,076 INFO org.springframework.boot.web.servlet.context.ServletWebServerApplicationContext [main] Root WebApplicationContext: initialization completed in 652 ms
2021-07-21 03:47:52,179 INFO org.springframework.boot.autoconfigure.security.servlet.UserDetailsServiceAutoConfiguration [main] 

Using generated security password: e4ba7a01-1c4c-4ad6-9007-8cabfa376376

2021-07-21 03:47:52,349 INFO org.springframework.security.web.DefaultSecurityFilterChain [main] Will secure any request with [org.springframework.security.web.context.request.async.WebAsyncManagerIntegrationFilter@4779aae6, org.springframework.security.web.context.SecurityContextPersistenceFilter@3a66e67e, org.springframework.security.web.header.HeaderWriterFilter@423b2b62, org.springframework.web.filter.CorsFilter@2cd62003, org.springframework.security.web.authentication.logout.LogoutFilter@1c26273d, org.springframework.security.web.savedrequest.RequestCacheAwareFilter@4596f8f3, org.springframework.security.web.servletapi.SecurityContextHolderAwareRequestFilter@31ddb930, org.springframework.security.web.authentication.AnonymousAuthenticationFilter@61ab89b0, org.springframework.security.web.session.SessionManagementFilter@1b956cfa, org.springframework.security.web.access.ExceptionTranslationFilter@56637cff, org.springframework.security.web.access.intercept.FilterSecurityInterceptor@459b6c53]
2021-07-21 03:47:52,436 INFO org.apache.juli.logging.DirectJDKLog [main] Starting ProtocolHandler ["http-nio-8080"]
2021-07-21 03:47:52,448 INFO org.springframework.boot.web.embedded.tomcat.TomcatWebServer [main] Tomcat started on port(s): 8080 (http) with context path ''
2021-07-21 03:47:52,455 INFO org.springframework.boot.StartupInfoLogger [main] Started AirLabsChallengeApplication in 1.455 seconds (JVM running for 1.704)
2021-07-21 03:49:46,220 INFO org.apache.juli.logging.DirectJDKLog [http-nio-8080-exec-1] Initializing Spring DispatcherServlet 'dispatcherServlet'
2021-07-21 03:49:46,225 INFO org.springframework.web.servlet.FrameworkServlet [http-nio-8080-exec-1] Initializing Servlet 'dispatcherServlet'
2021-07-21 03:49:46,227 INFO org.springframework.web.servlet.FrameworkServlet [http-nio-8080-exec-1] Completed initialization in 1 ms
2021-07-21 03:49:47,061 ERROR com.rhonda.AirLabsChallenge.service.AirportService [http-nio-8080-exec-1] SID List cannot be retrieved for airport id: WSSL
2021-07-21 03:49:47,062 ERROR com.rhonda.AirLabsChallenge.exception.CustomizedResponseEntityExceptionHandler [http-nio-8080-exec-1] SID List cannot be retrieved for airport id: WSSL
2021-07-21 03:49:57,677 ERROR com.rhonda.AirLabsChallenge.service.AirportService [http-nio-8080-exec-2] SID List cannot be retrieved for airport id: WSSL
2021-07-21 03:49:57,677 ERROR com.rhonda.AirLabsChallenge.exception.CustomizedResponseEntityExceptionHandler [http-nio-8080-exec-2] SID List cannot be retrieved for airport id: WSSL
